Release 14.7 Map P.20131013 (nt)
Xilinx Mapping Report File for Design 'magneto_v1'

Design Information
------------------
Command Line   : map -intstyle ise -p xc3s500e-fg320-4 -cm area -ir off -pr off
-c 100 -o magneto_v1_map.ncd magneto_v1.ngd magneto_v1.pcf 
Target Device  : xc3s500e
Target Package : fg320
Target Speed   : -4
Mapper Version : spartan3e -- $Revision: 1.55 $
Mapped Date    : Tue Jun 11 13:00:28 2019

Design Summary
--------------
Number of errors:      0
Number of warnings:    1
Logic Utilization:
  Number of Slice Flip Flops:           290 out of   9,312    3%
  Number of 4 input LUTs:               395 out of   9,312    4%
Logic Distribution:
  Number of occupied Slices:            302 out of   4,656    6%
    Number of Slices containing only related logic:     302 out of     302 100%
    Number of Slices containing unrelated logic:          0 out of     302   0%
      *See NOTES below for an explanation of the effects of unrelated logic.
  Total Number of 4 input LUTs:         431 out of   9,312    4%
    Number used as logic:               379
    Number used as a route-thru:         36
    Number used for Dual Port RAMs:      16
      (Two LUTs used per Dual Port RAM)

  The Slice Logic Distribution report is not meaningful if the design is
  over-mapped for a non-slice resource or if Placement fails.

  Number of bonded IOBs:                 18 out of     232    7%
  Number of BUFGMUXs:                     1 out of      24    4%

  Number of RPM macros:           16
Average Fanout of Non-Clock Nets:                3.18

Peak Memory Usage:  221 MB
Total REAL time to MAP completion:  22 secs 
Total CPU time to MAP completion:   2 secs 

NOTES:

   Related logic is defined as being logic that shares connectivity - e.g. two
   LUTs are "related" if they share common inputs.  When assembling slices,
   Map gives priority to combine logic that is related.  Doing so results in
   the best timing performance.

   Unrelated logic shares no connectivity.  Map will only begin packing
   unrelated logic into a slice once 99% of the slices are occupied through
   related logic packing.

   Note that once logic distribution reaches the 99% level through related
   logic packing, this does not mean the device is completely utilized.
   Unrelated logic packing will then begin, continuing until all usable LUTs
   and FFs are occupied.  Depending on your timing budget, increased levels of
   unrelated logic packing may adversely affect the overall timing performance
   of your design.

Table of Contents
-----------------
Section 1 - Errors
Section 2 - Warnings
Section 3 - Informational
Section 4 - Removed Logic Summary
Section 5 - Removed Logic
Section 6 - IOB Properties
Section 7 - RPMs
Section 8 - Guide Report
Section 9 - Area Group and Partition Summary
Section 10 - Timing Report
Section 11 - Configuration String Information
Section 12 - Control Set Information
Section 13 - Utilization by Hierarchy

Section 1 - Errors
------------------

Section 2 - Warnings
--------------------
WARNING:Security:42 - Your software subscription period has lapsed. Your current
version of Xilinx tools will continue to function, but you no longer qualify for
Xilinx software updates or new releases.
WARNING:Pack:1186 - One or more I/O components have conflicting property values.
    For each occurrence, the system will use the property value attached to the
   pad.  Otherwise, the system will use the first property value read.  To view
   each occurrence, create a detailed map report (run map using the -detail
   option).

Section 3 - Informational
-------------------------
INFO:Security:54 - 'xc3s500e' is a WebPack part.
INFO:LIT:243 - Logical network N31 has no load.
INFO:LIT:395 - The above info message is repeated 16 more times for the
   following (max. 5 shown):
   N32,
   N33,
   N34,
   XLXI_22/I2C_Connection/i_FIFO_Mram_RAM1/SPO,
   XLXI_22/I2C_Connection/i_FIFO_Mram_RAM2/SPO
   To see the details of these info messages, please use the -detail switch.
INFO:MapLib:562 - No environment variables are currently set.
INFO:MapLib:159 - Net Timing constraints on signal CLK are pushed forward
   through input buffer.
INFO:LIT:244 - All of the single ended outputs in this design are using slew
   rate limited output drivers. The delay on speed critical single ended outputs
   can be dramatically reduced by designating them as fast outputs.

Section 4 - Removed Logic Summary
---------------------------------
   6 block(s) removed
  39 block(s) optimized away
   6 signal(s) removed

Section 5 - Removed Logic
-------------------------

The trimmed logic report below shows the logic removed from your design due to
sourceless or loadless signals, and VCC or ground connections.  If the removal
of a signal or symbol results in the subsequent removal of an additional signal
or symbol, the message explaining that second removal will be indented.  This
indentation will be repeated as a chain of related logic is removed.

To quickly locate the original cause for the removal of a chain of logic, look
above the place where that logic is listed in the trimming report, then locate
the lines that are least indented (begin at the leftmost edge).

The signal "XLXI_22/I2C_Connection/IOB2/O" is sourceless and has been removed.
The signal "XLXI_23/CEO" is sourceless and has been removed.
The signal "XLXI_23/TC" is sourceless and has been removed.
 Sourceless block "XLXI_23/I_36_58" (AND) removed.
The signal "XLXI_21/genIOBUF[0].instIOBUF/O" is sourceless and has been removed.
The signal "XLXI_21/genIOBUF[1].instIOBUF/O" is sourceless and has been removed.
The signal "XLXI_21/genIOBUF[2].instIOBUF/O" is sourceless and has been removed.
Unused block "XLXI_21/genIOBUF[0].instIOBUF/IBUF" (BUF) removed.
Unused block "XLXI_21/genIOBUF[1].instIOBUF/IBUF" (BUF) removed.
Unused block "XLXI_21/genIOBUF[2].instIOBUF/IBUF" (BUF) removed.
Unused block "XLXI_22/I2C_Connection/IOB2/IBUF" (BUF) removed.
Unused block "XLXI_23/I_36_27" (AND) removed.

Optimized Block(s):
TYPE 		BLOCK
LUT3 		XLXI_21/Line<16>1
   optimized to 0
LUT3 		XLXI_21/Line<17>1
   optimized to 0
LUT3 		XLXI_21/Line<34>1
   optimized to 0
LUT3 		XLXI_21/Line<35>1
   optimized to 0
LUT3 		XLXI_21/Line<52>1
   optimized to 0
LUT3 		XLXI_21/Line<53>1
   optimized to 0
LUT3 		XLXI_21/Line<54>1
   optimized to 0
LUT3 		XLXI_21/Line<55>1
   optimized to 0
LUT3 		XLXI_21/Line<56>1
   optimized to 0
LUT3 		XLXI_21/Line<57>1
   optimized to 0
LUT3 		XLXI_21/Line<58>1
   optimized to 0
LUT3 		XLXI_21/Line<59>1
   optimized to 0
LUT3 		XLXI_21/Line<60>1
   optimized to 0
LUT3 		XLXI_21/Line<61>1
   optimized to 0
LUT3 		XLXI_21/Line<62>1
   optimized to 0
LUT3 		XLXI_21/Line<63>1
   optimized to 0
LUT3 		XLXI_21/Mmux_Blank1_mux0000_5
   optimized to 1
LUT3 		XLXI_21/Mmux_Blank1_mux0000_6
   optimized to 1
LUT3 		XLXI_21/Mmux_Blank1_mux0000_7
   optimized to 0
LUT3 		XLXI_21/Mmux_Blank1_mux0000_71
   optimized to 0
LUT3 		XLXI_21/Mmux_Blank1_mux0000_8
   optimized to 0
LUT3 		XLXI_21/Mmux_Blank2_mux0000_5
   optimized to 1
LUT3 		XLXI_21/Mmux_Blank2_mux0000_6
   optimized to 1
LUT3 		XLXI_21/Mmux_Blank2_mux0000_61
   optimized to 1
LUT3 		XLXI_21/Mmux_Blank2_mux0000_62
   optimized to 1
LUT3 		XLXI_21/Mmux_Blank2_mux0000_7
   optimized to 1
LUT3 		XLXI_21/Mmux_Blank2_mux0000_71
   optimized to 1
LUT3 		XLXI_21/Mmux_Blank2_mux0000_72
   optimized to 0
LUT3 		XLXI_21/Mmux_Blank2_mux0000_8
   optimized to 0
LUT3 		XLXI_21/Mmux_Digit_5
   optimized to 0
LUT3 		XLXI_21/Mmux_Digit_51
   optimized to 0
LUT3 		XLXI_21/Mmux_Digit_52
   optimized to 0
LUT3 		XLXI_21/Mmux_Digit_53
   optimized to 0
GND 		XLXI_21/XST_GND
VCC 		XLXI_21/XST_VCC
GND 		XLXI_23/I_36_2
VCC 		XLXI_23/I_36_33
GND 		XLXI_28
VCC 		XST_VCC

To enable printing of redundant blocks removed and signals merged, set the
detailed map report option and rerun map.

Section 6 - IOB Properties
--------------------------

+---------------------------------------------------------------------------------------------------------------------------------------------------------+
| IOB Name                           | Type             | Direction | IO Standard          | Diff  | Drive    | Slew | Reg (s)      | Resistor | IOB      |
|                                    |                  |           |                      | Term  | Strength | Rate |              |          | Delay    |
+---------------------------------------------------------------------------------------------------------------------------------------------------------+
| CLK                                | IBUF             | INPUT     | LVTTL                |       |          |      |              |          | 0 / 0    |
| DRDY                               | IBUF             | INPUT     | LVTTL                |       |          |      |              |          | 0 / 0    |
| DRLED                              | IOB              | OUTPUT    | LVTTL                |       | 4        | SLOW |              |          | 0 / 0    |
| LCD_D<0>                           | IOB              | OUTPUT    | LVCMOS33             |       | 4        | SLOW |              |          | 0 / 0    |
| LCD_D<1>                           | IOB              | OUTPUT    | LVCMOS33             |       | 4        | SLOW |              |          | 0 / 0    |
| LCD_D<2>                           | IOB              | OUTPUT    | LVCMOS33             |       | 4        | SLOW |              |          | 0 / 0    |
| LCD_D<3>                           | IOB              | BIDIR     | LVCMOS33             |       | 4        | SLOW |              |          | 0 / 0    |
| LCD_E                              | IOB              | OUTPUT    | LVCMOS33             |       | 4        | SLOW |              |          | 0 / 0    |
| LCD_RS                             | IOB              | OUTPUT    | LVCMOS33             |       | 4        | SLOW |              |          | 0 / 0    |
| LCD_RW                             | IOB              | OUTPUT    | LVCMOS33             |       | 4        | SLOW |              |          | 0 / 0    |
| NACK                               | IOB              | OUTPUT    | LVTTL                |       | 4        | SLOW |              |          | 0 / 0    |
| Rate<0>                            | IBUF             | INPUT     | LVTTL                |       |          |      |              | PULLUP   | 0 / 0    |
| Rate<1>                            | IBUF             | INPUT     | LVTTL                |       |          |      |              | PULLUP   | 0 / 0    |
| Rate<2>                            | IBUF             | INPUT     | LVTTL                |       |          |      |              | PULLUP   | 0 / 0    |
| Reset                              | IBUF             | INPUT     | LVTTL                |       |          |      |              | PULLDOWN | 0 / 0    |
| SCL                                | IOB              | OUTPUT    | LVTTL                |       | 6        | SLOW |              |          | 0 / 0    |
| SDA                                | IOB              | BIDIR     | LVTTL                |       | 6        | SLOW |              |          | 0 / 0    |
| SF_CE                              | IOB              | OUTPUT    | LVCMOS33             |       | 4        | SLOW |              |          | 0 / 0    |
+---------------------------------------------------------------------------------------------------------------------------------------------------------+

Section 7 - RPMs
----------------
XLXI_23/XLXI_23_I_Q0_15                 
XLXI_23/XLXI_23_I_Q10_2                 
XLXI_23/XLXI_23_I_Q11_3                 
XLXI_23/XLXI_23_I_Q12_4                 
XLXI_23/XLXI_23_I_Q13_5                 
XLXI_23/XLXI_23_I_Q14_6                 
XLXI_23/XLXI_23_I_Q15_7                 
XLXI_23/XLXI_23_I_Q1_14                 
XLXI_23/XLXI_23_I_Q2_13                 
XLXI_23/XLXI_23_I_Q3_12                 
XLXI_23/XLXI_23_I_Q4_11                 
XLXI_23/XLXI_23_I_Q5_10                 
XLXI_23/XLXI_23_I_Q6_9                  
XLXI_23/XLXI_23_I_Q7_8                  
XLXI_23/XLXI_23_I_Q8_0                  
XLXI_23/XLXI_23_I_Q9_1                  

Section 8 - Guide Report
------------------------
Guide not run on this design.

Section 9 - Area Group and Partition Summary
--------------------------------------------

Partition Implementation Status
-------------------------------

  No Partitions were found in this design.

-------------------------------

Area Group Information
----------------------

  No area groups were found in this design.

----------------------

Section 10 - Timing Report
--------------------------
This design was not run using timing mode.

Section 11 - Configuration String Details
-----------------------------------------
Use the "-detail" map option to print out Configuration Strings

Section 12 - Control Set Information
------------------------------------
No control set information for this architecture.

Section 13 - Utilization by Hierarchy
-------------------------------------
Use the "-detail" map option to print out the Utilization by Hierarchy section.
